android/app/build/intermediates/manifest_merge_blame_file/debug/processDebugMainManifest/manifest-merger-blame-debug-report.txt
1<?xml version="1.0" encoding="utf-8"?>
2<manifest xmlns:android="http://schemas.android.com/apk/res/android"
3    package="com.example.to_do_list"
4    android:versionCode="1"
5    android:versionName="0.1.0" >
6
7    <uses-sdk
8        android:minSdkVersion="23"
9        android:targetSdkVersion="35" />
10    <!--
11         The INTERNET permission is required for development. Specifically,
12         the Flutter tool needs it to communicate with the running application
13         to allow setting breakpoints, to provide hot reload, etc.
14    -->
15    <uses-permission android:name="android.permission.INTERNET" />
15-->src\debug\AndroidManifest.xml:6:5-66
15-->src\debug\AndroidManifest.xml:6:22-64
16    <uses-permission android:name="android.permission.SCHEDULE_EXACT_ALARM" />
16-->src\main\AndroidManifest.xml:3:5-79
16-->src\main\AndroidManifest.xml:3:22-76
17    <uses-permission android:name="android.permission.RECEIVE_BOOT_COMPLETED" />
17-->src\main\AndroidManifest.xml:4:5-81
17-->src\main\AndroidManifest.xml:4:22-78
18    <uses-permission android:name="android.permission.POST_NOTIFICATIONS" />
18-->src\main\AndroidManifest.xml:5:5-77
18-->src\main\AndroidManifest.xml:5:22-74
19    <uses-permission android:name="android.permission.VIBRATE" />
19-->src\main\AndroidManifest.xml:6:5-66
19-->src\main\AndroidManifest.xml:6:22-63
20    <!--
21 Required to query activities that can process text, see:
22         https://developer.android.com/training/package-visibility and
23         https://developer.android.com/reference/android/content/Intent#ACTION_PROCESS_TEXT.
24
25         In particular, this is used by the Flutter engine in io.flutter.plugin.text.ProcessTextPlugin.
26    -->
27    <queries>
27-->src\main\AndroidManifest.xml:52:5-57:15
28        <intent>
28-->src\main\AndroidManifest.xml:53:9-56:18
29            <action android:name="android.intent.action.PROCESS_TEXT" />
29-->src\main\AndroidManifest.xml:54:13-72
29-->src\main\AndroidManifest.xml:54:21-70
30
31            <data android:mimeType="text/plain" />
31-->src\main\AndroidManifest.xml:55:13-50
31-->src\main\AndroidManifest.xml:55:19-48
32        </intent>
33    </queries>
34
35    <uses-permission android:name="android.permission.BROADCAST_CLOSE_SYSTEM_DIALOGS" />
35-->[:awesome_notifications] AndroidManifest.xml:7:5-89
35-->[:awesome_notifications] AndroidManifest.xml:7:22-86
36    <uses-permission
36-->[me.carda:AndroidAwnCore:0.10.0] AndroidManifest.xml:9:5-12:47
37        android:name="android.permission.BIND_NOTIFICATION_LISTENER_SERVICE"
37-->[me.carda:AndroidAwnCore:0.10.0] AndroidManifest.xml:10:9-77
38        android:maxSdkVersion="22" />
38-->[me.carda:AndroidAwnCore:0.10.0] AndroidManifest.xml:11:9-35
39
40    <permission
40-->[androidx.core:core:1.13.1] AndroidManifest.xml:22:5-24:47
41        android:name="com.example.to_do_list.DYNAMIC_RECEIVER_NOT_EXPORTED_PERMISSION"
41-->[androidx.core:core:1.13.1] AndroidManifest.xml:23:9-81
42        android:protectionLevel="signature" />
42-->[androidx.core:core:1.13.1] AndroidManifest.xml:24:9-44
43
44    <uses-permission android:name="com.example.to_do_list.DYNAMIC_RECEIVER_NOT_EXPORTED_PERMISSION" /> <!-- for android -->
44-->[androidx.core:core:1.13.1] AndroidManifest.xml:26:5-97
44-->[androidx.core:core:1.13.1] AndroidManifest.xml:26:22-94
45    <!-- <uses-permission android:name="com.android.launcher.permission.READ_SETTINGS"/> -->
46    <!-- <uses-permission android:name="com.android.launcher.permission.WRITE_SETTINGS"/> -->
47    <!-- <uses-permission android:name="com.android.launcher.permission.INSTALL_SHORTCUT" /> -->
48    <!-- <uses-permission android:name="com.android.launcher.permission.UNINSTALL_SHORTCUT" /> -->
49    <!-- for Samsung -->
50    <uses-permission android:name="com.sec.android.provider.badge.permission.READ" />
50-->[me.leolin:ShortcutBadger:1.1.22] AndroidManifest.xml:19:5-86
50-->[me.leolin:ShortcutBadger:1.1.22] AndroidManifest.xml:19:22-83
51    <uses-permission android:name="com.sec.android.provider.badge.permission.WRITE" /> <!-- for htc -->
51-->[me.leolin:ShortcutBadger:1.1.22] AndroidManifest.xml:20:5-87
51-->[me.leolin:ShortcutBadger:1.1.22] AndroidManifest.xml:20:22-84
52    <uses-permission android:name="com.htc.launcher.permission.READ_SETTINGS" />
52-->[me.leolin:ShortcutBadger:1.1.22] AndroidManifest.xml:23:5-81
52-->[me.leolin:ShortcutBadger:1.1.22] AndroidManifest.xml:23:22-78
53    <uses-permission android:name="com.htc.launcher.permission.UPDATE_SHORTCUT" /> <!-- for sony -->
53-->[me.leolin:ShortcutBadger:1.1.22] AndroidManifest.xml:24:5-83
53-->[me.leolin:ShortcutBadger:1.1.22] AndroidManifest.xml:24:22-80
54    <uses-permission android:name="com.sonyericsson.home.permission.BROADCAST_BADGE" />
54-->[me.leolin:ShortcutBadger:1.1.22] AndroidManifest.xml:27:5-88
54-->[me.leolin:ShortcutBadger:1.1.22] AndroidManifest.xml:27:22-85
55    <uses-permission android:name="com.sonymobile.home.permission.PROVIDER_INSERT_BADGE" /> <!-- for apex -->
55-->[me.leolin:ShortcutBadger:1.1.22] AndroidManifest.xml:28:5-92
55-->[me.leolin:ShortcutBadger:1.1.22] AndroidManifest.xml:28:22-89
56    <uses-permission android:name="com.anddoes.launcher.permission.UPDATE_COUNT" /> <!-- for solid -->
56-->[me.leolin:ShortcutBadger:1.1.22] AndroidManifest.xml:31:5-84
56-->[me.leolin:ShortcutBadger:1.1.22] AndroidManifest.xml:31:22-81
57    <uses-permission android:name="com.majeur.launcher.permission.UPDATE_BADGE" /> <!-- for huawei -->
57-->[me.leolin:ShortcutBadger:1.1.22] AndroidManifest.xml:34:5-83
57-->[me.leolin:ShortcutBadger:1.1.22] AndroidManifest.xml:34:22-80
58    <uses-permission android:name="com.huawei.android.launcher.permission.CHANGE_BADGE" />
58-->[me.leolin:ShortcutBadger:1.1.22] AndroidManifest.xml:37:5-91
58-->[me.leolin:ShortcutBadger:1.1.22] AndroidManifest.xml:37:22-88
59    <uses-permission android:name="com.huawei.android.launcher.permission.READ_SETTINGS" />
59-->[me.leolin:ShortcutBadger:1.1.22] AndroidManifest.xml:38:5-92
59-->[me.leolin:ShortcutBadger:1.1.22] AndroidManifest.xml:38:22-89
60    <uses-permission android:name="com.huawei.android.launcher.permission.WRITE_SETTINGS" /> <!-- for ZUK -->
60-->[me.leolin:ShortcutBadger:1.1.22] AndroidManifest.xml:39:5-93
60-->[me.leolin:ShortcutBadger:1.1.22] AndroidManifest.xml:39:22-90
61    <uses-permission android:name="android.permission.READ_APP_BADGE" /> <!-- for OPPO -->
61-->[me.leolin:ShortcutBadger:1.1.22] AndroidManifest.xml:42:5-73
61-->[me.leolin:ShortcutBadger:1.1.22] AndroidManifest.xml:42:22-70
62    <uses-permission android:name="com.oppo.launcher.permission.READ_SETTINGS" />
62-->[me.leolin:ShortcutBadger:1.1.22] AndroidManifest.xml:45:5-82
62-->[me.leolin:ShortcutBadger:1.1.22] AndroidManifest.xml:45:22-79
63    <uses-permission android:name="com.oppo.launcher.permission.WRITE_SETTINGS" /> <!-- for EvMe -->
63-->[me.leolin:ShortcutBadger:1.1.22] AndroidManifest.xml:46:5-83
63-->[me.leolin:ShortcutBadger:1.1.22] AndroidManifest.xml:46:22-80
64    <uses-permission android:name="me.everything.badger.permission.BADGE_COUNT_READ" />
64-->[me.leolin:ShortcutBadger:1.1.22] AndroidManifest.xml:49:5-88
64-->[me.leolin:ShortcutBadger:1.1.22] AndroidManifest.xml:49:22-85
65    <uses-permission android:name="me.everything.badger.permission.BADGE_COUNT_WRITE" />
65-->[me.leolin:ShortcutBadger:1.1.22] AndroidManifest.xml:50:5-89
65-->[me.leolin:ShortcutBadger:1.1.22] AndroidManifest.xml:50:22-86
66
67    <application
68        android:name="android.app.Application"
69        android:appComponentFactory="androidx.core.app.CoreComponentFactory"
69-->[androidx.core:core:1.13.1] AndroidManifest.xml:28:18-86
70        android:debuggable="true"
71        android:extractNativeLibs="false"
72        android:icon="@mipmap/ic_launcher"
73        android:label="To Do List" >
74        <activity
75            android:name="com.example.to_do_list.MainActivity"
76            android:configChanges="orientation|keyboardHidden|keyboard|screenSize|smallestScreenSize|locale|layoutDirection|fontScale|screenLayout|density|uiMode"
77            android:exported="true"
78            android:hardwareAccelerated="true"
79            android:launchMode="singleTop"
80            android:taskAffinity=""
81            android:theme="@style/LaunchTheme"
82            android:windowSoftInputMode="adjustResize" >
83
84            <!--
85                 Specifies an Android theme to apply to this Activity as soon as
86                 the Android process has started. This theme is visible to the user
87                 while the Flutter UI initializes. After that, this theme continues
88                 to determine the Window background behind the Flutter UI.
89            -->
90            <meta-data
91                android:name="io.flutter.embedding.android.NormalTheme"
92                android:resource="@style/NormalTheme" />
93
94            <intent-filter>
95                <action android:name="android.intent.action.MAIN" />
96
97                <category android:name="android.intent.category.LAUNCHER" />
98            </intent-filter>
99        </activity>
100        <!--
101             Don't delete the meta-data below.
102             This is used by the Flutter tool to generate GeneratedPluginRegistrant.java
103        -->
104
105        <receiver
106            android:name="com.dexterous.flutterlocalnotifications.ScheduledNotificationBootReceiver"
107            android:exported="true" >
108            <intent-filter>
109                <action android:name="android.intent.action.BOOT_COMPLETED" />
109-->[:awesome_notifications] AndroidManifest.xml:26:17-79
109-->[:awesome_notifications] AndroidManifest.xml:26:25-76
110            </intent-filter>
111        </receiver>
112
113        <meta-data
114            android:name="flutterEmbedding"
115            android:value="2" />
116
117        <receiver
117-->[:awesome_notifications] AndroidManifest.xml:10:9-12:39
118            android:name="me.carda.awesome_notifications.DartNotificationActionReceiver"
118-->[:awesome_notifications] AndroidManifest.xml:11:13-89
119            android:exported="true" />
119-->[:awesome_notifications] AndroidManifest.xml:12:13-36
120        <receiver
120-->[:awesome_notifications] AndroidManifest.xml:13:9-15:39
121            android:name="me.carda.awesome_notifications.DartDismissedNotificationReceiver"
121-->[:awesome_notifications] AndroidManifest.xml:14:13-92
122            android:exported="true" />
122-->[:awesome_notifications] AndroidManifest.xml:15:13-36
123        <receiver
123-->[:awesome_notifications] AndroidManifest.xml:16:9-18:39
124            android:name="me.carda.awesome_notifications.DartScheduledNotificationReceiver"
124-->[:awesome_notifications] AndroidManifest.xml:17:13-92
125            android:exported="true" />
125-->[:awesome_notifications] AndroidManifest.xml:18:13-36
126        <receiver
126-->[:awesome_notifications] AndroidManifest.xml:19:9-33:20
127            android:name="me.carda.awesome_notifications.DartRefreshSchedulesReceiver"
127-->[:awesome_notifications] AndroidManifest.xml:20:13-87
128            android:enabled="true"
128-->[:awesome_notifications] AndroidManifest.xml:21:13-35
129            android:exported="true" >
129-->[:awesome_notifications] AndroidManifest.xml:22:13-36
130            <intent-filter>
130-->[:awesome_notifications] AndroidManifest.xml:23:13-32:29
131                <category android:name="android.intent.category.DEFAULT" />
131-->[:awesome_notifications] AndroidManifest.xml:24:17-76
131-->[:awesome_notifications] AndroidManifest.xml:24:27-73
132
133                <action android:name="android.intent.action.BOOT_COMPLETED" />
133-->[:awesome_notifications] AndroidManifest.xml:26:17-79
133-->[:awesome_notifications] AndroidManifest.xml:26:25-76
134                <action android:name="android.intent.action.LOCKED_BOOT_COMPLETED" />
134-->[:awesome_notifications] AndroidManifest.xml:27:17-86
134-->[:awesome_notifications] AndroidManifest.xml:27:25-83
135                <action android:name="android.intent.action.MY_PACKAGE_REPLACED" />
135-->[:awesome_notifications] AndroidManifest.xml:28:17-84
135-->[:awesome_notifications] AndroidManifest.xml:28:25-81
136                <action android:name="android.intent.action.QUICKBOOT_POWERON" />
136-->[:awesome_notifications] AndroidManifest.xml:29:17-82
136-->[:awesome_notifications] AndroidManifest.xml:29:25-79
137                <action android:name="com.htc.intent.action.QUICKBOOT_POWERON" />
137-->[:awesome_notifications] AndroidManifest.xml:30:17-82
137-->[:awesome_notifications] AndroidManifest.xml:30:25-79
138                <action android:name="android.app.action.SCHEDULE_EXACT_ALARM_PERMISSION_STATE_CHANGED" />
138-->[:awesome_notifications] AndroidManifest.xml:31:17-107
138-->[:awesome_notifications] AndroidManifest.xml:31:25-104
139            </intent-filter>
140        </receiver>
141
142        <service
142-->[:awesome_notifications] AndroidManifest.xml:35:9-38:72
143            android:name="me.carda.awesome_notifications.DartBackgroundService"
143-->[:awesome_notifications] AndroidManifest.xml:36:13-80
144            android:exported="false"
144-->[:awesome_notifications] AndroidManifest.xml:37:13-37
145            android:permission="android.permission.BIND_JOB_SERVICE" />
145-->[:awesome_notifications] AndroidManifest.xml:38:13-69
146        <service
146-->[:awesome_notifications] AndroidManifest.xml:39:9-44:43
147            android:name="me.carda.awesome_notifications.core.services.ForegroundService"
147-->[:awesome_notifications] AndroidManifest.xml:40:13-90
148            android:enabled="true"
148-->[:awesome_notifications] AndroidManifest.xml:41:13-35
149            android:exported="false"
149-->[:awesome_notifications] AndroidManifest.xml:42:13-37
150            android:foregroundServiceType="phoneCall|phoneCall"
150-->[:awesome_notifications] AndroidManifest.xml:43:13-54
151            android:stopWithTask="true" />
151-->[:awesome_notifications] AndroidManifest.xml:44:13-40
152        <!--
153           Declares a provider which allows us to store files to share in
154           '.../caches/share_plus' and grant the receiving action access
155        -->
156        <provider
156-->[:share_plus] AndroidManifest.xml:13:9-21:20
157            android:name="dev.fluttercommunity.plus.share.ShareFileProvider"
157-->[:share_plus] AndroidManifest.xml:14:13-77
158            android:authorities="com.example.to_do_list.flutter.share_provider"
158-->[:share_plus] AndroidManifest.xml:15:13-74
159            android:exported="false"
159-->[:share_plus] AndroidManifest.xml:16:13-37
160            android:grantUriPermissions="true" >
160-->[:share_plus] AndroidManifest.xml:17:13-47
161            <meta-data
161-->[:share_plus] AndroidManifest.xml:18:13-20:68
162                android:name="android.support.FILE_PROVIDER_PATHS"
162-->[:share_plus] AndroidManifest.xml:19:17-67
163                android:resource="@xml/flutter_share_file_paths" />
163-->[:share_plus] AndroidManifest.xml:20:17-65
164        </provider>
165        <!--
166           This manifest declared broadcast receiver allows us to use an explicit
167           Intent when creating a PendingItent to be informed of the user's choice
168        -->
169        <receiver
169-->[:share_plus] AndroidManifest.xml:26:9-32:20
170            android:name="dev.fluttercommunity.plus.share.SharePlusPendingIntent"
170-->[:share_plus] AndroidManifest.xml:27:13-82
171            android:exported="false" >
171-->[:share_plus] AndroidManifest.xml:28:13-37
172            <intent-filter>
172-->[:share_plus] AndroidManifest.xml:29:13-31:29
173                <action android:name="EXTRA_CHOSEN_COMPONENT" />
173-->[:share_plus] AndroidManifest.xml:30:17-65
173-->[:share_plus] AndroidManifest.xml:30:25-62
174            </intent-filter>
175        </receiver>
176
177        <service
177-->[me.carda:AndroidAwnCore:0.10.0] AndroidManifest.xml:21:9-28:19
178            android:name="me.carda.awesome_notifications.core.managers.StatusBarManager"
178-->[me.carda:AndroidAwnCore:0.10.0] AndroidManifest.xml:22:13-89
179            android:exported="true"
179-->[me.carda:AndroidAwnCore:0.10.0] AndroidManifest.xml:23:13-36
180            android:label="My Notification Listener Service" >
180-->[me.carda:AndroidAwnCore:0.10.0] AndroidManifest.xml:24:13-61
181            <intent-filter>
181-->[me.carda:AndroidAwnCore:0.10.0] AndroidManifest.xml:25:13-27:29
182                <action android:name="android.service.notification.NotificationListenerService" />
182-->[me.carda:AndroidAwnCore:0.10.0] AndroidManifest.xml:26:17-99
182-->[me.carda:AndroidAwnCore:0.10.0] AndroidManifest.xml:26:25-96
183            </intent-filter>
184        </service>
185
186        <uses-library
186-->[androidx.window:window:1.3.0] AndroidManifest.xml:23:9-25:40
187            android:name="androidx.window.extensions"
187-->[androidx.window:window:1.3.0] AndroidManifest.xml:24:13-54
188            android:required="false" />
188-->[androidx.window:window:1.3.0] AndroidManifest.xml:25:13-37
189        <uses-library
189-->[androidx.window:window:1.3.0] AndroidManifest.xml:26:9-28:40
190            android:name="androidx.window.sidecar"
190-->[androidx.window:window:1.3.0] AndroidManifest.xml:27:13-51
191            android:required="false" />
191-->[androidx.window:window:1.3.0] AndroidManifest.xml:28:13-37
192
193        <provider
193-->[androidx.emoji2:emoji2:1.3.0] AndroidManifest.xml:24:9-32:20
194            android:name="androidx.startup.InitializationProvider"
194-->[androidx.emoji2:emoji2:1.3.0] AndroidManifest.xml:25:13-67
195            android:authorities="com.example.to_do_list.androidx-startup"
195-->[androidx.emoji2:emoji2:1.3.0] AndroidManifest.xml:26:13-68
196            android:exported="false" >
196-->[androidx.emoji2:emoji2:1.3.0] AndroidManifest.xml:27:13-37
197            <meta-data
197-->[androidx.emoji2:emoji2:1.3.0] AndroidManifest.xml:29:13-31:52
198                android:name="androidx.emoji2.text.EmojiCompatInitializer"
198-->[androidx.emoji2:emoji2:1.3.0] AndroidManifest.xml:30:17-75
199                android:value="androidx.startup" />
199-->[androidx.emoji2:emoji2:1.3.0] AndroidManifest.xml:31:17-49
200            <meta-data
200-->[androidx.lifecycle:lifecycle-process:2.8.6] AndroidManifest.xml:29:13-31:52
201                android:name="androidx.lifecycle.ProcessLifecycleInitializer"
201-->[androidx.lifecycle:lifecycle-process:2.8.6] AndroidManifest.xml:30:17-78
202                android:value="androidx.startup" />
202-->[androidx.lifecycle:lifecycle-process:2.8.6] AndroidManifest.xml:31:17-49
203            <meta-data
203-->[androidx.profileinstaller:profileinstaller:1.3.1] AndroidManifest.xml:29:13-31:52
204                android:name="androidx.profileinstaller.ProfileInstallerInitializer"
204-->[androidx.profileinstaller:profileinstaller:1.3.1] AndroidManifest.xml:30:17-85
205                android:value="androidx.startup" />
205-->[androidx.profileinstaller:profileinstaller:1.3.1] AndroidManifest.xml:31:17-49
206        </provider>
207
208        <service
208-->[androidx.room:room-runtime:2.6.1] AndroidManifest.xml:24:9-28:63
209            android:name="androidx.room.MultiInstanceInvalidationService"
209-->[androidx.room:room-runtime:2.6.1] AndroidManifest.xml:25:13-74
210            android:directBootAware="true"
210-->[androidx.room:room-runtime:2.6.1] AndroidManifest.xml:26:13-43
211            android:exported="false" />
211-->[androidx.room:room-runtime:2.6.1] AndroidManifest.xml:27:13-37
212
213        <receiver
213-->[androidx.profileinstaller:profileinstaller:1.3.1] AndroidManifest.xml:34:9-52:20
214            android:name="androidx.profileinstaller.ProfileInstallReceiver"
214-->[androidx.profileinstaller:profileinstaller:1.3.1] AndroidManifest.xml:35:13-76
215            android:directBootAware="false"
215-->[androidx.profileinstaller:profileinstaller:1.3.1] AndroidManifest.xml:36:13-44
216            android:enabled="true"
216-->[androidx.profileinstaller:profileinstaller:1.3.1] AndroidManifest.xml:37:13-35
217            android:exported="true"
217-->[androidx.profileinstaller:profileinstaller:1.3.1] AndroidManifest.xml:38:13-36
218            android:permission="android.permission.DUMP" >
218-->[androidx.profileinstaller:profileinstaller:1.3.1] AndroidManifest.xml:39:13-57
219            <intent-filter>
219-->[androidx.profileinstaller:profileinstaller:1.3.1] AndroidManifest.xml:40:13-42:29
220                <action android:name="androidx.profileinstaller.action.INSTALL_PROFILE" />
220-->[androidx.profileinstaller:profileinstaller:1.3.1] AndroidManifest.xml:41:17-91
220-->[androidx.profileinstaller:profileinstaller:1.3.1] AndroidManifest.xml:41:25-88
221            </intent-filter>
222            <intent-filter>
222-->[androidx.profileinstaller:profileinstaller:1.3.1] AndroidManifest.xml:43:13-45:29
223                <action android:name="androidx.profileinstaller.action.SKIP_FILE" />
223-->[androidx.profileinstaller:profileinstaller:1.3.1] AndroidManifest.xml:44:17-85
223-->[androidx.profileinstaller:profileinstaller:1.3.1] AndroidManifest.xml:44:25-82
224            </intent-filter>
225            <intent-filter>
225-->[androidx.profileinstaller:profileinstaller:1.3.1] AndroidManifest.xml:46:13-48:29
226                <action android:name="androidx.profileinstaller.action.SAVE_PROFILE" />
226-->[androidx.profileinstaller:profileinstaller:1.3.1] AndroidManifest.xml:47:17-88
226-->[androidx.profileinstaller:profileinstaller:1.3.1] AndroidManifest.xml:47:25-85
227            </intent-filter>
228            <intent-filter>
228-->[androidx.profileinstaller:profileinstaller:1.3.1] AndroidManifest.xml:49:13-51:29
229                <action android:name="androidx.profileinstaller.action.BENCHMARK_OPERATION" />
229-->[androidx.profileinstaller:profileinstaller:1.3.1] AndroidManifest.xml:50:17-95
229-->[androidx.profileinstaller:profileinstaller:1.3.1] AndroidManifest.xml:50:25-92
230            </intent-filter>
231        </receiver>
232    </application>
233
234</manifest>